C:\Users\Organizer\Documents\1a\node_modules\@prisma\client\src\runtime\getPrismaClient.ts:259
        throw new PrismaClientInitializationError(
              ^

PrismaClientInitializationError: `PrismaClient` needs to be constructed with a non-empty, valid `PrismaClientOptions`:

```
new PrismaClient({
  ...
})
```

or

```
constructor() {
  super({ ... });
}
```
          
    at new t (C:\Users\Organizer\Documents\1a\node_modules\@prisma\client\src\runtime\getPrismaClient.ts:259:15)
    at <anonymous> (C:\Users\Organizer\Documents\1a\prisma\seed.ts:2:16)
    at ModuleJob.run (node:internal/modules/esm/module_job:377:25)
    at async onImport.tracePromise.__proto__ (node:internal/modules/esm/loader:671:26)
    at async asyncRunEntryPointWithESMLoader (node:internal/modules/run_main:101:5) {
  clientVersion: '7.3.0',
  errorCode: undefined,
  retryable: undefined
}

Node.js v24.11.1
